<?xml version="1.0" encoding="UTF-8"?>
<!-- Generated by org.testng.reporters.JUnitReportReporter -->
<testsuite name="com.backbase.app.HeroKUAppTest" tests="2" time="39.961" ignored="0" failures="0" timestamp="28 Feb 2019 08:27:37 GMT" skipped="0" hostname="KANTIA2-L2" errors="0">
  <testcase name="createNewCompTest1" time="28.135" classname="com.backbase.app.HeroKUAppTest"/>
  <testcase name="createNewCompTest" time="11.826" classname="com.backbase.app.HeroKUAppTest"/>
</testsuite> <!-- com.backbase.app.HeroKUAppTest -->
